INFO     2015-12-16 08:37:31,880 admin_server.py:116] Starting admin server at: http://localhost:8000
WARNING  2015-12-16 13:40:09,704 json_api.py:116] dir(json) = ['JSONDecoder', 'JSONEncoder', '__all__', '__author__', '__builtins__', '__doc__', '__file
_', '__path__', '__version__', '_default_decoder', '_default_encoder', 'decoder', 'dump', 'dumps', 'encoder', 'load', 'loads', 'scanner']
DEBUG    2015-12-16 13:40:09,812 main.py:86] doing instance_init
DEBUG    2015-12-16 13:40:09,812 vfs.py:69] init_vfs_op(*args=(), **kwargs={}) Entering
DEBUG    2015-12-16 13:40:10,174 vfs.py:79] init_vfs_op(*args=(), **kwargs={}) Exiting
DEBUG    2015-12-16 13:40:10,174 vfs.py:69] init_vfs_op(*args=(), **kwargs={}) Entering
DEBUG    2015-12-16 13:40:10,223 vfs.py:79] init_vfs_op(*args=(), **kwargs={}) Exiting
DEBUG    2015-12-16 13:40:10,224 main.py:89] initialized file store
DEBUG    2015-12-16 13:40:10,224 main.py:39] Entering main; app id: jsdabbler-hrd    server type: Development
DEBUG    2015-12-16 13:40:10,233 main.py:41] Leaving main
DEBUG    2015-12-16 13:40:10,233 main.py:111] Done running main script
INFO     2015-12-16 08:40:10,246 module.py:794] default: "GET /.record-data?temperature=25.54&humidity=27.92&compensated=27.84&vcc=3.38 HTTP/1.1" 404 52
WARNING  2015-12-16 13:44:53,805 json_api.py:116] dir(json) = ['JSONDecoder', 'JSONEncoder', '__all__', '__author__', '__builtins__', '__doc__', '__file
_', '__path__', '__version__', '_default_decoder', '_default_encoder', 'decoder', 'dump', 'dumps', 'encoder', 'load', 'loads', 'scanner']
DEBUG    2015-12-16 13:44:53,812 main.py:86] doing instance_init
DEBUG    2015-12-16 13:44:53,813 vfs.py:69] init_vfs_op(*args=(), **kwargs={}) Entering
DEBUG    2015-12-16 13:44:53,858 vfs.py:79] init_vfs_op(*args=(), **kwargs={}) Exiting
DEBUG    2015-12-16 13:44:53,858 vfs.py:69] init_vfs_op(*args=(), **kwargs={}) Entering
DEBUG    2015-12-16 13:44:53,900 vfs.py:79] init_vfs_op(*args=(), **kwargs={}) Exiting
DEBUG    2015-12-16 13:44:53,900 main.py:89] initialized file store
DEBUG    2015-12-16 13:44:53,901 main.py:39] Entering main; app id: jsdabbler-hrd    server type: Development
DEBUG    2015-12-16 13:44:53,911 main.py:41] Leaving main
DEBUG    2015-12-16 13:44:53,911 main.py:111] Done running main script
INFO     2015-12-16 08:44:53,928 module.py:794] default: "GET /.record-data?temperature=25.59&humidity=26.58&compensated=26.49&vcc=3.38 HTTP/1.1" 404 52
DEBUG    2015-12-16 13:49:38,407 main.py:39] Entering main; app id: jsdabbler-hrd    server type: Development
DEBUG    2015-12-16 13:49:38,407 main.py:41] Leaving main
INFO     2015-12-16 08:49:38,418 module.py:794] default: "GET /.record-data?temperature=25.57&humidity=26.40&compensated=26.31&vcc=3.38 HTTP/1.1" 404 52
DEBUG    2015-12-16 13:54:22,142 main.py:39] Entering main; app id: jsdabbler-hrd    server type: Development
DEBUG    2015-12-16 13:54:22,144 main.py:41] Leaving main
INFO     2015-12-16 08:54:22,158 module.py:794] default: "GET /.record-data?temperature=25.80&humidity=26.39&compensated=26.27&vcc=3.38 HTTP/1.1" 404 52
DEBUG    2015-12-16 13:59:09,473 main.py:39] Entering main; app id: jsdabbler-hrd    server type: Development
DEBUG    2015-12-16 13:59:09,477 main.py:41] Leaving main
INFO     2015-12-16 08:59:09,546 module.py:794] default: "GET /.record-data?temperature=26.04&humidity=26.06&compensated=25.91&vcc=3.38 HTTP/1.1" 404 52
DEBUG    2015-12-16 14:03:57,898 main.py:39] Entering main; app id: jsdabbler-hrd    server type: Development
DEBUG    2015-12-16 14:03:57,898 main.py:41] Leaving main
INFO     2015-12-16 09:03:57,911 module.py:794] default: "GET /.record-data?temperature=26.04&humidity=25.83&compensated=25.67&vcc=3.38 HTTP/1.1" 404 52
DEBUG    2015-12-16 14:08:43,950 main.py:39] Entering main; app id: jsdabbler-hrd    server type: Development
DEBUG    2015-12-16 14:08:43,950 main.py:41] Leaving main
INFO     2015-12-16 09:08:43,970 module.py:794] default: "GET /.record-data?temperature=25.91&humidity=25.82&compensated=25.69&vcc=3.38 HTTP/1.1" 404 52
DEBUG    2015-12-16 14:13:25,881 main.py:39] Entering main; app id: jsdabbler-hrd    server type: Development
DEBUG    2015-12-16 14:13:25,884 main.py:41] Leaving main
INFO     2015-12-16 09:13:25,908 module.py:794] default: "GET /.record-data?temperature=26.19&humidity=25.60&compensated=25.42&vcc=3.38 HTTP/1.1" 404 52
DEBUG    2015-12-16 14:18:11,687 main.py:39] Entering main; app id: jsdabbler-hrd    server type: Development
DEBUG    2015-12-16 14:18:11,688 main.py:41] Leaving main
INFO     2015-12-16 09:18:11,704 module.py:794] default: "GET /.record-data?temperature=26.12&humidity=25.59&compensated=25.42&vcc=3.38 HTTP/1.1" 404 52
DEBUG    2015-12-16 14:22:59,200 main.py:39] Entering main; app id: jsdabbler-hrd    server type: Development
DEBUG    2015-12-16 14:22:59,201 main.py:41] Leaving main
INFO     2015-12-16 09:22:59,217 module.py:794] default: "GET /.record-data?temperature=26.15&humidity=25.61&compensated=25.44&vcc=3.38 HTTP/1.1" 404 52
DEBUG    2015-12-16 14:27:44,868 main.py:39] Entering main; app id: jsdabbler-hrd    server type: Development
DEBUG    2015-12-16 14:27:44,872 main.py:41] Leaving main
INFO     2015-12-16 09:27:44,920 module.py:794] default: "GET /.record-data?temperature=26.30&humidity=25.22&compensated=25.03&vcc=3.38 HTTP/1.1" 404 52
DEBUG    2015-12-16 14:32:31,187 main.py:39] Entering main; app id: jsdabbler-hrd    server type: Development
DEBUG    2015-12-16 14:32:31,190 main.py:41] Leaving main
INFO     2015-12-16 09:32:31,203 module.py:794] default: "GET /.record-data?temperature=26.22&humidity=25.40&compensated=25.22&vcc=3.38 HTTP/1.1" 404 52
DEBUG    2015-12-16 14:37:16,368 main.py:39] Entering main; app id: jsdabbler-hrd    server type: Development
DEBUG    2015-12-16 14:37:16,369 main.py:41] Leaving main
INFO     2015-12-16 09:37:16,381 module.py:794] default: "GET /.record-data?temperature=26.22&humidity=25.57&compensated=25.39&vcc=3.38 HTTP/1.1" 404 52
DEBUG    2015-12-16 14:42:02,322 main.py:39] Entering main; app id: jsdabbler-hrd    server type: Development
DEBUG    2015-12-16 14:42:02,323 main.py:41] Leaving main
INFO     2015-12-16 09:42:02,358 module.py:794] default: "GET /.record-data?temperature=26.36&humidity=25.22&compensated=25.02&vcc=3.38 HTTP/1.1" 404 52
DEBUG    2015-12-16 14:46:46,081 main.py:39] Entering main; app id: jsdabbler-hrd    server type: Development
DEBUG    2015-12-16 14:46:46,082 main.py:41] Leaving main
INFO     2015-12-16 09:46:46,108 module.py:794] default: "GET /.record-data?temperature=26.20&humidity=25.27&compensated=25.09&vcc=3.38 HTTP/1.1" 404 52
DEBUG    2015-12-16 14:51:31,691 main.py:39] Entering main; app id: jsdabbler-hrd    server type: Development
DEBUG    2015-12-16 14:51:31,697 main.py:41] Leaving main
INFO     2015-12-16 09:51:31,743 module.py:794] default: "GET /.record-data?temperature=26.34&humidity=25.29&compensated=25.08&vcc=3.37 HTTP/1.1" 404 52
DEBUG    2015-12-16 14:56:14,880 main.py:39] Entering main; app id: jsdabbler-hrd    server type: Development
DEBUG    2015-12-16 14:56:14,894 main.py:41] Leaving main
INFO     2015-12-16 09:56:14,931 module.py:794] default: "GET /.record-data?temperature=26.38&humidity=25.09&compensated=24.88&vcc=3.38 HTTP/1.1" 404 52
DEBUG    2015-12-16 15:01:00,236 main.py:39] Entering main; app id: jsdabbler-hrd    server type: Development
DEBUG    2015-12-16 15:01:00,237 main.py:41] Leaving main
INFO     2015-12-16 10:01:00,246 module.py:794] default: "GET /.record-data?temperature=26.35&humidity=24.95&compensated=24.75&vcc=3.38 HTTP/1.1" 404 52
DEBUG    2015-12-16 15:05:44,427 main.py:39] Entering main; app id: jsdabbler-hrd    server type: Development
DEBUG    2015-12-16 15:05:44,430 main.py:41] Leaving main
INFO     2015-12-16 10:05:46,451 module.py:794] default: "GET /.record-data?temperature=26.21&humidity=25.00&compensated=24.82&vcc=3.37 HTTP/1.1" 404 52
DEBUG    2015-12-16 15:10:28,515 main.py:39] Entering main; app id: jsdabbler-hrd    server type: Development
DEBUG    2015-12-16 15:10:28,517 main.py:41] Leaving main
INFO     2015-12-16 10:10:28,538 module.py:794] default: "GET /.record-data?temperature=26.22&humidity=24.90&compensated=24.71&vcc=3.37 HTTP/1.1" 404 52
DEBUG    2015-12-16 15:15:12,361 main.py:39] Entering main; app id: jsdabbler-hrd    server type: Development
DEBUG    2015-12-16 15:15:12,364 main.py:41] Leaving main
INFO     2015-12-16 10:15:12,387 module.py:794] default: "GET /.record-data?temperature=26.23&humidity=24.83&compensated=24.65&vcc=3.38 HTTP/1.1" 404 52
DEBUG    2015-12-16 15:20:00,450 main.py:39] Entering main; app id: jsdabbler-hrd    server type: Development
DEBUG    2015-12-16 15:20:00,454 main.py:41] Leaving main
INFO     2015-12-16 10:20:00,561 module.py:794] default: "GET /.record-data?temperature=26.21&humidity=24.79&compensated=24.61&vcc=3.38 HTTP/1.1" 404 52
DEBUG    2015-12-16 15:24:43,752 main.py:39] Entering main; app id: jsdabbler-hrd    server type: Development
DEBUG    2015-12-16 15:24:43,755 main.py:41] Leaving main
INFO     2015-12-16 10:24:43,788 module.py:794] default: "GET /.record-data?temperature=26.20&humidity=24.78&compensated=24.60&vcc=3.38 HTTP/1.1" 404 52
DEBUG    2015-12-16 15:29:25,243 main.py:39] Entering main; app id: jsdabbler-hrd    server type: Development
DEBUG    2015-12-16 15:29:25,243 main.py:41] Leaving main
INFO     2015-12-16 10:29:25,256 module.py:794] default: "GET /.record-data?temperature=26.13&humidity=24.78&compensated=24.61&vcc=3.38 HTTP/1.1" 404 52
DEBUG    2015-12-16 15:34:10,601 main.py:39] Entering main; app id: jsdabbler-hrd    server type: Development
DEBUG    2015-12-16 15:34:10,611 main.py:41] Leaving main
INFO     2015-12-16 10:34:10,651 module.py:794] default: "GET /.record-data?temperature=26.10&humidity=24.75&compensated=24.58&vcc=3.38 HTTP/1.1" 404 52
DEBUG    2015-12-16 15:38:56,384 main.py:39] Entering main; app id: jsdabbler-hrd    server type: Development
DEBUG    2015-12-16 15:38:56,388 main.py:41] Leaving main
INFO     2015-12-16 10:38:56,428 module.py:794] default: "GET /.record-data?temperature=26.11&humidity=24.70&compensated=24.53&vcc=3.38 HTTP/1.1" 404 52
DEBUG    2015-12-16 15:43:40,319 main.py:39] Entering main; app id: jsdabbler-hrd    server type: Development
DEBUG    2015-12-16 15:43:40,322 main.py:41] Leaving main
INFO     2015-12-16 10:43:40,334 module.py:794] default: "GET /.record-data?temperature=26.08&humidity=24.62&compensated=24.46&vcc=3.37 HTTP/1.1" 404 52
DEBUG    2015-12-16 15:48:24,323 main.py:39] Entering main; app id: jsdabbler-hrd    server type: Development
DEBUG    2015-12-16 15:48:24,325 main.py:41] Leaving main
INFO     2015-12-16 10:48:24,338 module.py:794] default: "GET /.record-data?temperature=26.22&humidity=24.73&compensated=24.55&vcc=3.37 HTTP/1.1" 404 52
DEBUG    2015-12-16 15:53:08,302 main.py:39] Entering main; app id: jsdabbler-hrd    server type: Development
DEBUG    2015-12-16 15:53:08,306 main.py:41] Leaving main
INFO     2015-12-16 10:53:08,342 module.py:794] default: "GET /.record-data?temperature=26.19&humidity=24.65&compensated=24.48&vcc=3.38 HTTP/1.1" 404 52
DEBUG    2015-12-16 15:57:52,663 main.py:39] Entering main; app id: jsdabbler-hrd    server type: Development
DEBUG    2015-12-16 15:57:52,664 main.py:41] Leaving main
INFO     2015-12-16 10:57:52,687 module.py:794] default: "GET /.record-data?temperature=26.42&humidity=24.43&compensated=24.22&vcc=3.38 HTTP/1.1" 404 52
DEBUG    2015-12-16 16:02:39,140 main.py:39] Entering main; app id: jsdabbler-hrd    server type: Development
DEBUG    2015-12-16 16:02:39,141 main.py:41] Leaving main
INFO     2015-12-16 11:02:39,161 module.py:794] default: "GET /.record-data?temperature=26.54&humidity=24.05&compensated=23.82&vcc=3.38 HTTP/1.1" 404 52
DEBUG    2015-12-16 16:07:24,463 main.py:39] Entering main; app id: jsdabbler-hrd    server type: Development
DEBUG    2015-12-16 16:07:24,466 main.py:41] Leaving main
INFO     2015-12-16 11:07:24,499 module.py:794] default: "GET /.record-data?temperature=26.48&humidity=24.13&compensated=23.91&vcc=3.38 HTTP/1.1" 404 52
DEBUG    2015-12-16 16:12:10,289 main.py:39] Entering main; app id: jsdabbler-hrd    server type: Development
DEBUG    2015-12-16 16:12:10,292 main.py:41] Leaving main
INFO     2015-12-16 11:12:10,344 module.py:794] default: "GET /.record-data?temperature=26.46&humidity=24.08&compensated=23.86&vcc=3.38 HTTP/1.1" 404 52
DEBUG    2015-12-16 16:16:54,286 main.py:39] Entering main; app id: jsdabbler-hrd    server type: Development
DEBUG    2015-12-16 16:16:54,288 main.py:41] Leaving main
INFO     2015-12-16 11:16:54,305 module.py:794] default: "GET /.record-data?temperature=26.67&humidity=23.98&compensated=23.73&vcc=3.38 HTTP/1.1" 404 52
DEBUG    2015-12-16 16:21:40,282 main.py:39] Entering main; app id: jsdabbler-hrd    server type: Development
DEBUG    2015-12-16 16:21:40,282 main.py:41] Leaving main
INFO     2015-12-16 11:21:40,325 module.py:794] default: "GET /.record-data?temperature=26.57&humidity=23.87&compensated=23.63&vcc=3.38 HTTP/1.1" 404 52
DEBUG    2015-12-16 16:26:26,404 main.py:39] Entering main; app id: jsdabbler-hrd    server type: Development
DEBUG    2015-12-16 16:26:26,405 main.py:41] Leaving main
INFO     2015-12-16 11:26:26,417 module.py:794] default: "GET /.record-data?temperature=26.31&humidity=24.09&compensated=23.89&vcc=3.38 HTTP/1.1" 404 52
DEBUG    2015-12-16 16:31:12,167 main.py:39] Entering main; app id: jsdabbler-hrd    server type: Development
DEBUG    2015-12-16 16:31:12,168 main.py:41] Leaving main
INFO     2015-12-16 11:31:12,184 module.py:794] default: "GET /.record-data?temperature=26.44&humidity=23.85&compensated=23.64&vcc=3.38 HTTP/1.1" 404 52
DEBUG    2015-12-16 16:35:56,361 main.py:39] Entering main; app id: jsdabbler-hrd    server type: Development
DEBUG    2015-12-16 16:35:56,362 main.py:41] Leaving main
INFO     2015-12-16 11:35:56,371 module.py:794] default: "GET /.record-data?temperature=26.70&humidity=23.65&compensated=23.40&vcc=3.38 HTTP/1.1" 404 52
DEBUG    2015-12-16 16:40:43,358 main.py:39] Entering main; app id: jsdabbler-hrd    server type: Development
DEBUG    2015-12-16 16:40:43,362 main.py:41] Leaving main
INFO     2015-12-16 11:40:43,479 module.py:794] default: "GET /.record-data?temperature=26.58&humidity=23.71&compensated=23.47&vcc=3.37 HTTP/1.1" 404 52
DEBUG    2015-12-16 16:45:27,286 main.py:39] Entering main; app id: jsdabbler-hrd    server type: Development
DEBUG    2015-12-16 16:45:27,290 main.py:41] Leaving main
INFO     2015-12-16 11:45:27,313 module.py:794] default: "GET /.record-data?temperature=26.56&humidity=23.67&compensated=23.44&vcc=3.38 HTTP/1.1" 404 52
DEBUG    2015-12-16 16:50:13,052 main.py:39] Entering main; app id: jsdabbler-hrd    server type: Development
DEBUG    2015-12-16 16:50:13,055 main.py:41] Leaving main
INFO     2015-12-16 11:50:13,203 module.py:794] default: "GET /.record-data?temperature=26.61&humidity=23.87&compensated=23.63&vcc=3.38 HTTP/1.1" 404 52
DEBUG    2015-12-16 16:54:58,415 main.py:39] Entering main; app id: jsdabbler-hrd    server type: Development
DEBUG    2015-12-16 16:54:58,421 main.py:41] Leaving main
INFO     2015-12-16 11:54:59,023 module.py:794] default: "GET /.record-data?temperature=26.65&humidity=23.75&compensated=23.50&vcc=3.37 HTTP/1.1" 404 52
DEBUG    2015-12-16 16:59:42,897 main.py:39] Entering main; app id: jsdabbler-hrd    server type: Development
DEBUG    2015-12-16 16:59:42,898 main.py:41] Leaving main
INFO     2015-12-16 11:59:42,911 module.py:794] default: "GET /.record-data?temperature=26.71&humidity=23.59&compensated=23.33&vcc=3.38 HTTP/1.1" 404 52
DEBUG    2015-12-16 17:04:29,746 main.py:39] Entering main; app id: jsdabbler-hrd    server type: Development
DEBUG    2015-12-16 17:04:29,750 main.py:41] Leaving main
INFO     2015-12-16 12:04:29,801 module.py:794] default: "GET /.record-data?temperature=26.64&humidity=23.53&compensated=23.28&vcc=3.38 HTTP/1.1" 404 52
DEBUG    2015-12-16 17:09:14,150 main.py:39] Entering main; app id: jsdabbler-hrd    server type: Development
DEBUG    2015-12-16 17:09:14,154 main.py:41] Leaving main
INFO     2015-12-16 12:09:14,558 module.py:794] default: "GET /.record-data?temperature=26.72&humidity=23.57&compensated=23.31&vcc=3.38 HTTP/1.1" 404 52
DEBUG    2015-12-16 17:14:00,395 main.py:39] Entering main; app id: jsdabbler-hrd    server type: Development
DEBUG    2015-12-16 17:14:00,397 main.py:41] Leaving main
INFO     2015-12-16 12:14:00,414 module.py:794] default: "GET /.record-data?temperature=26.73&humidity=23.46&compensated=23.20&vcc=3.38 HTTP/1.1" 404 52
DEBUG    2015-12-16 17:18:46,523 main.py:39] Entering main; app id: jsdabbler-hrd    server type: Development
DEBUG    2015-12-16 17:18:46,530 main.py:41] Leaving main
INFO     2015-12-16 12:18:46,571 module.py:794] default: "GET /.record-data?temperature=26.70&humidity=23.31&compensated=23.05&vcc=3.38 HTTP/1.1" 404 52
DEBUG    2015-12-16 17:23:35,301 main.py:39] Entering main; app id: jsdabbler-hrd    server type: Development
DEBUG    2015-12-16 17:23:35,305 main.py:41] Leaving main
INFO     2015-12-16 12:23:35,328 module.py:794] default: "GET /.record-data?temperature=26.94&humidity=23.33&compensated=23.04&vcc=3.38 HTTP/1.1" 404 52
DEBUG    2015-12-16 17:28:20,095 main.py:39] Entering main; app id: jsdabbler-hrd    server type: Development
DEBUG    2015-12-16 17:28:20,096 main.py:41] Leaving main
INFO     2015-12-16 12:28:20,108 module.py:794] default: "GET /.record-data?temperature=26.91&humidity=23.36&compensated=23.08&vcc=3.37 HTTP/1.1" 404 52
DEBUG    2015-12-16 17:33:04,967 main.py:39] Entering main; app id: jsdabbler-hrd    server type: Development
DEBUG    2015-12-16 17:33:04,970 main.py:41] Leaving main
INFO     2015-12-16 12:33:04,982 module.py:794] default: "GET /.record-data?temperature=26.87&humidity=23.36&compensated=23.08&vcc=3.37 HTTP/1.1" 404 52
DEBUG    2015-12-16 17:37:48,403 main.py:39] Entering main; app id: jsdabbler-hrd    server type: Development
DEBUG    2015-12-16 17:37:48,407 main.py:41] Leaving main
INFO     2015-12-16 12:37:48,424 module.py:794] default: "GET /.record-data?temperature=26.94&humidity=23.35&compensated=23.06&vcc=3.38 HTTP/1.1" 404 52
DEBUG    2015-12-16 17:42:32,392 main.py:39] Entering main; app id: jsdabbler-hrd    server type: Development
DEBUG    2015-12-16 17:42:32,398 main.py:41] Leaving main
INFO     2015-12-16 12:42:32,430 module.py:794] default: "GET /.record-data?temperature=26.98&humidity=23.07&compensated=22.78&vcc=3.37 HTTP/1.1" 404 52
DEBUG    2015-12-16 17:47:16,898 main.py:39] Entering main; app id: jsdabbler-hrd    server type: Development
DEBUG    2015-12-16 17:47:16,901 main.py:41] Leaving main
INFO     2015-12-16 12:47:17,082 module.py:794] default: "GET /.record-data?temperature=26.83&humidity=23.34&compensated=23.06&vcc=3.37 HTTP/1.1" 404 52
DEBUG    2015-12-16 17:52:01,844 main.py:39] Entering main; app id: jsdabbler-hrd    server type: Development
DEBUG    2015-12-16 17:52:01,846 main.py:41] Leaving main
INFO     2015-12-16 12:52:01,868 module.py:794] default: "GET /.record-data?temperature=26.81&humidity=23.28&compensated=23.01&vcc=3.38 HTTP/1.1" 404 52
DEBUG    2015-12-16 17:56:46,082 main.py:39] Entering main; app id: jsdabbler-hrd    server type: Development
DEBUG    2015-12-16 17:56:46,085 main.py:41] Leaving main
INFO     2015-12-16 12:56:46,178 module.py:794] default: "GET /.record-data?temperature=26.86&humidity=23.28&compensated=23.00&vcc=3.38 HTTP/1.1" 404 52
DEBUG    2015-12-16 18:01:33,927 main.py:39] Entering main; app id: jsdabbler-hrd    server type: Development
DEBUG    2015-12-16 18:01:33,934 main.py:41] Leaving main
INFO     2015-12-16 13:01:34,032 module.py:794] default: "GET /.record-data?temperature=26.77&humidity=23.27&compensated=23.01&vcc=3.38 HTTP/1.1" 404 52
DEBUG    2015-12-16 18:06:19,650 main.py:39] Entering main; app id: jsdabbler-hrd    server type: Development
DEBUG    2015-12-16 18:06:19,657 main.py:41] Leaving main
INFO     2015-12-16 13:06:19,821 module.py:794] default: "GET /.record-data?temperature=26.73&humidity=23.33&compensated=23.07&vcc=3.38 HTTP/1.1" 404 52
DEBUG    2015-12-16 18:11:05,188 main.py:39] Entering main; app id: jsdabbler-hrd    server type: Development
DEBUG    2015-12-16 18:11:05,194 main.py:41] Leaving main
INFO     2015-12-16 13:11:05,236 module.py:794] default: "GET /.record-data?temperature=26.91&humidity=23.30&compensated=23.01&vcc=3.38 HTTP/1.1" 404 52
DEBUG    2015-12-16 18:15:49,105 main.py:39] Entering main; app id: jsdabbler-hrd    server type: Development
DEBUG    2015-12-16 18:15:49,109 main.py:41] Leaving main
INFO     2015-12-16 13:15:49,180 module.py:794] default: "GET /.record-data?temperature=26.88&humidity=23.16&compensated=22.88&vcc=3.38 HTTP/1.1" 404 52
DEBUG    2015-12-16 18:20:35,596 main.py:39] Entering main; app id: jsdabbler-hrd    server type: Development
DEBUG    2015-12-16 18:20:35,598 main.py:41] Leaving main
INFO     2015-12-16 13:20:35,615 module.py:794] default: "GET /.record-data?temperature=26.82&humidity=23.25&compensated=22.98&vcc=3.38 HTTP/1.1" 404 52
DEBUG    2015-12-16 18:25:22,313 main.py:39] Entering main; app id: jsdabbler-hrd    server type: Development
DEBUG    2015-12-16 18:25:22,319 main.py:41] Leaving main
INFO     2015-12-16 13:25:22,375 module.py:794] default: "GET /.record-data?temperature=26.96&humidity=23.23&compensated=22.93&vcc=3.37 HTTP/1.1" 404 52
DEBUG    2015-12-16 18:30:08,240 main.py:39] Entering main; app id: jsdabbler-hrd    server type: Development
DEBUG    2015-12-16 18:30:08,243 main.py:41] Leaving main
INFO     2015-12-16 13:30:08,265 module.py:794] default: "GET /.record-data?temperature=26.92&humidity=23.18&compensated=22.89&vcc=3.38 HTTP/1.1" 404 52
DEBUG    2015-12-16 18:34:54,303 main.py:39] Entering main; app id: jsdabbler-hrd    server type: Development
DEBUG    2015-12-16 18:34:54,305 main.py:41] Leaving main
INFO     2015-12-16 13:34:54,338 module.py:794] default: "GET /.record-data?temperature=26.86&humidity=23.15&compensated=22.87&vcc=3.37 HTTP/1.1" 404 52
DEBUG    2015-12-16 18:39:37,917 main.py:39] Entering main; app id: jsdabbler-hrd    server type: Development
DEBUG    2015-12-16 18:39:37,927 main.py:41] Leaving main
INFO     2015-12-16 13:39:37,947 module.py:794] default: "GET /.record-data?temperature=26.98&humidity=23.00&compensated=22.70&vcc=3.38 HTTP/1.1" 404 52
DEBUG    2015-12-16 18:44:22,964 main.py:39] Entering main; app id: jsdabbler-hrd    server type: Development
DEBUG    2015-12-16 18:44:22,967 main.py:41] Leaving main
INFO     2015-12-16 13:44:23,003 module.py:794] default: "GET /.record-data?temperature=27.03&humidity=22.84&compensated=22.53&vcc=3.37 HTTP/1.1" 404 52
DEBUG    2015-12-16 18:49:05,881 main.py:39] Entering main; app id: jsdabbler-hrd    server type: Development
DEBUG    2015-12-16 18:49:05,884 main.py:41] Leaving main
INFO     2015-12-16 13:49:05,901 module.py:794] default: "GET /.record-data?temperature=26.96&humidity=22.84&compensated=22.54&vcc=3.38 HTTP/1.1" 404 52
DEBUG    2015-12-16 18:53:51,411 main.py:39] Entering main; app id: jsdabbler-hrd    server type: Development
DEBUG    2015-12-16 18:53:51,414 main.py:41] Leaving main
INFO     2015-12-16 13:53:51,460 module.py:794] default: "GET /.record-data?temperature=26.97&humidity=22.76&compensated=22.46&vcc=3.37 HTTP/1.1" 404 52
DEBUG    2015-12-16 18:58:37,736 main.py:39] Entering main; app id: jsdabbler-hrd    server type: Development
DEBUG    2015-12-16 18:58:37,737 main.py:41] Leaving main
INFO     2015-12-16 13:58:38,005 module.py:794] default: "GET /.record-data?temperature=27.06&humidity=22.73&compensated=22.42&vcc=3.38 HTTP/1.1" 404 52
DEBUG    2015-12-16 19:03:25,015 main.py:39] Entering main; app id: jsdabbler-hrd    server type: Development
DEBUG    2015-12-16 19:03:25,016 main.py:41] Leaving main
INFO     2015-12-16 14:03:25,253 module.py:794] default: "GET /.record-data?temperature=26.99&humidity=22.75&compensated=22.46&vcc=3.38 HTTP/1.1" 404 52
DEBUG    2015-12-16 19:08:11,711 main.py:39] Entering main; app id: jsdabbler-hrd    server type: Development
DEBUG    2015-12-16 19:08:11,717 main.py:41] Leaving main
INFO     2015-12-16 14:08:11,947 module.py:794] default: "GET /.record-data?temperature=26.99&humidity=22.88&compensated=22.59&vcc=3.38 HTTP/1.1" 404 52
DEBUG    2015-12-16 19:12:58,394 main.py:39] Entering main; app id: jsdabbler-hrd    server type: Development
DEBUG    2015-12-16 19:12:58,398 main.py:41] Leaving main
INFO     2015-12-16 14:12:58,838 module.py:794] default: "GET /.record-data?temperature=27.13&humidity=22.84&compensated=22.52&vcc=3.38 HTTP/1.1" 404 52
DEBUG    2015-12-16 19:17:42,059 main.py:39] Entering main; app id: jsdabbler-hrd    server type: Development
DEBUG    2015-12-16 19:17:42,065 main.py:41] Leaving main
INFO     2015-12-16 14:17:42,999 module.py:794] default: "GET /.record-data?temperature=27.04&humidity=22.69&compensated=22.39&vcc=3.38 HTTP/1.1" 404 52
DEBUG    2015-12-16 19:22:30,334 main.py:39] Entering main; app id: jsdabbler-hrd    server type: Development
DEBUG    2015-12-16 19:22:30,335 main.py:41] Leaving main
INFO     2015-12-16 14:22:30,348 module.py:794] default: "GET /.record-data?temperature=26.94&humidity=22.95&compensated=22.66&vcc=3.38 HTTP/1.1" 404 52
DEBUG    2015-12-16 19:27:15,062 main.py:39] Entering main; app id: jsdabbler-hrd    server type: Development
DEBUG    2015-12-16 19:27:15,068 main.py:41] Leaving main
INFO     2015-12-16 14:27:15,115 module.py:794] default: "GET /.record-data?temperature=27.14&humidity=22.83&compensated=22.51&vcc=3.38 HTTP/1.1" 404 52
DEBUG    2015-12-16 19:32:01,440 main.py:39] Entering main; app id: jsdabbler-hrd    server type: Development
DEBUG    2015-12-16 19:32:01,441 main.py:41] Leaving main
INFO     2015-12-16 14:32:01,457 module.py:794] default: "GET /.record-data?temperature=27.03&humidity=22.78&compensated=22.47&vcc=3.38 HTTP/1.1" 404 52
DEBUG    2015-12-16 19:36:47,681 main.py:39] Entering main; app id: jsdabbler-hrd    server type: Development
DEBUG    2015-12-16 19:36:47,686 main.py:41] Leaving main
INFO     2015-12-16 14:36:47,710 module.py:794] default: "GET /.record-data?temperature=26.91&humidity=22.83&compensated=22.55&vcc=3.38 HTTP/1.1" 404 52
DEBUG    2015-12-16 19:41:33,292 main.py:39] Entering main; app id: jsdabbler-hrd    server type: Development
DEBUG    2015-12-16 19:41:33,295 main.py:41] Leaving main
INFO     2015-12-16 14:41:33,319 module.py:794] default: "GET /.record-data?temperature=26.98&humidity=22.95&compensated=22.65&vcc=3.37 HTTP/1.1" 404 52
DEBUG    2015-12-16 19:46:17,760 main.py:39] Entering main; app id: jsdabbler-hrd    server type: Development
DEBUG    2015-12-16 19:46:17,766 main.py:41] Leaving main
INFO     2015-12-16 14:46:17,809 module.py:794] default: "GET /.record-data?temperature=27.13&humidity=22.69&compensated=22.37&vcc=3.38 HTTP/1.1" 404 52
DEBUG    2015-12-16 19:51:03,632 main.py:39] Entering main; app id: jsdabbler-hrd    server type: Development
DEBUG    2015-12-16 19:51:03,635 main.py:41] Leaving main
INFO     2015-12-16 14:51:03,697 module.py:794] default: "GET /.record-data?temperature=27.13&humidity=22.51&compensated=22.19&vcc=3.38 HTTP/1.1" 404 52
DEBUG    2015-12-16 19:55:50,348 main.py:39] Entering main; app id: jsdabbler-hrd    server type: Development
DEBUG    2015-12-16 19:55:50,348 main.py:41] Leaving main
INFO     2015-12-16 14:55:50,361 module.py:794] default: "GET /.record-data?temperature=27.09&humidity=22.84&compensated=22.52&vcc=3.38 HTTP/1.1" 404 52
DEBUG    2015-12-16 20:00:36,555 main.py:39] Entering main; app id: jsdabbler-hrd    server type: Development
DEBUG    2015-12-16 20:00:36,559 main.py:41] Leaving main
INFO     2015-12-16 15:00:36,585 module.py:794] default: "GET /.record-data?temperature=26.97&humidity=23.02&compensated=22.72&vcc=3.38 HTTP/1.1" 404 52
DEBUG    2015-12-16 20:05:21,986 main.py:39] Entering main; app id: jsdabbler-hrd    server type: Development
DEBUG    2015-12-16 20:05:21,987 main.py:41] Leaving main
INFO     2015-12-16 15:05:22,000 module.py:794] default: "GET /.record-data?temperature=26.89&humidity=23.07&compensated=22.78&vcc=3.38 HTTP/1.1" 404 52
DEBUG    2015-12-16 20:10:07,128 main.py:39] Entering main; app id: jsdabbler-hrd    server type: Development
DEBUG    2015-12-16 20:10:07,134 main.py:41] Leaving main
INFO     2015-12-16 15:10:07,200 module.py:794] default: "GET /.record-data?temperature=26.88&humidity=23.03&compensated=22.75&vcc=3.38 HTTP/1.1" 404 52
DEBUG    2015-12-16 20:14:51,678 main.py:39] Entering main; app id: jsdabbler-hrd    server type: Development
DEBUG    2015-12-16 20:14:51,681 main.py:41] Leaving main
INFO     2015-12-16 15:14:51,700 module.py:794] default: "GET /.record-data?temperature=27.01&humidity=22.96&compensated=22.65&vcc=3.38 HTTP/1.1" 404 52
DEBUG    2015-12-16 20:19:36,801 main.py:39] Entering main; app id: jsdabbler-hrd    server type: Development
DEBUG    2015-12-16 20:19:36,805 main.py:41] Leaving main
INFO     2015-12-16 15:19:36,828 module.py:794] default: "GET /.record-data?temperature=27.07&humidity=22.69&compensated=22.38&vcc=3.38 HTTP/1.1" 404 52
DEBUG    2015-12-16 20:24:22,411 main.py:39] Entering main; app id: jsdabbler-hrd    server type: Development
DEBUG    2015-12-16 20:24:22,415 main.py:41] Leaving main
INFO     2015-12-16 15:24:22,447 module.py:794] default: "GET /.record-data?temperature=27.00&humidity=23.01&compensated=22.71&vcc=3.37 HTTP/1.1" 404 52
DEBUG    2015-12-16 20:29:07,042 main.py:39] Entering main; app id: jsdabbler-hrd    server type: Development
DEBUG    2015-12-16 20:29:07,048 main.py:41] Leaving main
INFO     2015-12-16 15:29:07,075 module.py:794] default: "GET /.record-data?temperature=26.92&humidity=23.23&compensated=22.95&vcc=3.38 HTTP/1.1" 404 52
DEBUG    2015-12-16 20:33:53,526 main.py:39] Entering main; app id: jsdabbler-hrd    server type: Development
DEBUG    2015-12-16 20:33:53,529 main.py:41] Leaving main
INFO     2015-12-16 15:33:53,539 module.py:794] default: "GET /.record-data?temperature=26.78&humidity=23.45&compensated=23.18&vcc=3.37 HTTP/1.1" 404 52
DEBUG    2015-12-16 20:38:39,355 main.py:39] Entering main; app id: jsdabbler-hrd    server type: Development
DEBUG    2015-12-16 20:38:39,359 main.py:41] Leaving main
INFO     2015-12-16 15:38:39,388 module.py:794] default: "GET /.record-data?temperature=26.74&humidity=23.47&compensated=23.21&vcc=3.38 HTTP/1.1" 404 52
DEBUG    2015-12-16 20:43:23,658 main.py:39] Entering main; app id: jsdabbler-hrd    server type: Development
DEBUG    2015-12-16 20:43:23,664 main.py:41] Leaving main
INFO     2015-12-16 15:43:23,711 module.py:794] default: "GET /.record-data?temperature=26.75&humidity=23.49&compensated=23.23&vcc=3.38 HTTP/1.1" 404 52
DEBUG    2015-12-16 20:48:09,315 main.py:39] Entering main; app id: jsdabbler-hrd    server type: Development
DEBUG    2015-12-16 20:48:09,319 main.py:41] Leaving main
INFO     2015-12-16 15:48:09,332 module.py:794] default: "GET /.record-data?temperature=26.76&humidity=23.45&compensated=23.19&vcc=3.37 HTTP/1.1" 404 52
DEBUG    2015-12-16 20:52:53,516 main.py:39] Entering main; app id: jsdabbler-hrd    server type: Development
DEBUG    2015-12-16 20:52:53,516 main.py:41] Leaving main
INFO     2015-12-16 15:52:53,526 module.py:794] default: "GET /.record-data?temperature=26.69&humidity=23.50&compensated=23.25&vcc=3.38 HTTP/1.1" 404 52
DEBUG    2015-12-16 20:57:38,802 main.py:39] Entering main; app id: jsdabbler-hrd    server type: Development
DEBUG    2015-12-16 20:57:38,802 main.py:41] Leaving main
INFO     2015-12-16 15:57:38,815 module.py:794] default: "GET /.record-data?temperature=26.68&humidity=23.37&compensated=23.11&vcc=3.38 HTTP/1.1" 404 52
DEBUG    2015-12-16 21:02:24,397 main.py:39] Entering main; app id: jsdabbler-hrd    server type: Development
DEBUG    2015-12-16 21:02:24,398 main.py:41] Leaving main
INFO     2015-12-16 16:02:24,407 module.py:794] default: "GET /.record-data?temperature=26.73&humidity=23.55&compensated=23.29&vcc=3.37 HTTP/1.1" 404 52
DEBUG    2015-12-16 21:07:08,769 main.py:39] Entering main; app id: jsdabbler-hrd    server type: Development
DEBUG    2015-12-16 21:07:08,770 main.py:41] Leaving main
INFO     2015-12-16 16:07:08,780 module.py:794] default: "GET /.record-data?temperature=26.70&humidity=23.36&compensated=23.10&vcc=3.38 HTTP/1.1" 404 52
DEBUG    2015-12-16 21:11:55,747 main.py:39] Entering main; app id: jsdabbler-hrd    server type: Development
DEBUG    2015-12-16 21:11:55,752 main.py:41] Leaving main
INFO     2015-12-16 16:11:55,812 module.py:794] default: "GET /.record-data?temperature=26.62&humidity=23.38&compensated=23.14&vcc=3.38 HTTP/1.1" 404 52
DEBUG    2015-12-16 21:16:42,551 main.py:39] Entering main; app id: jsdabbler-hrd    server type: Development
DEBUG    2015-12-16 21:16:42,562 main.py:41] Leaving main
INFO     2015-12-16 16:16:42,622 module.py:794] default: "GET /.record-data?temperature=26.57&humidity=23.41&compensated=23.17&vcc=3.38 HTTP/1.1" 404 52
DEBUG    2015-12-16 21:21:30,119 main.py:39] Entering main; app id: jsdabbler-hrd    server type: Development
DEBUG    2015-12-16 21:21:30,122 main.py:41] Leaving main
INFO     2015-12-16 16:21:30,335 module.py:794] default: "GET /.record-data?temperature=26.67&humidity=23.42&compensated=23.17&vcc=3.38 HTTP/1.1" 404 52
DEBUG    2015-12-16 21:26:12,246 main.py:39] Entering main; app id: jsdabbler-hrd    server type: Development
DEBUG    2015-12-16 21:26:12,247 main.py:41] Leaving main
INFO     2015-12-16 16:26:12,256 module.py:794] default: "GET /.record-data?temperature=26.61&humidity=23.48&compensated=23.24&vcc=3.38 HTTP/1.1" 404 52
DEBUG    2015-12-16 21:30:58,674 main.py:39] Entering main; app id: jsdabbler-hrd    server type: Development
DEBUG    2015-12-16 21:30:58,680 main.py:41] Leaving main
INFO     2015-12-16 16:30:58,723 module.py:794] default: "GET /.record-data?temperature=26.60&humidity=23.48&compensated=23.24&vcc=3.37 HTTP/1.1" 404 52
DEBUG    2015-12-16 21:35:40,223 main.py:39] Entering main; app id: jsdabbler-hrd    server type: Development
DEBUG    2015-12-16 21:35:40,224 main.py:41] Leaving main
INFO     2015-12-16 16:35:40,240 module.py:794] default: "GET /.record-data?temperature=26.66&humidity=23.46&compensated=23.21&vcc=3.37 HTTP/1.1" 404 52
DEBUG    2015-12-16 21:40:24,460 main.py:39] Entering main; app id: jsdabbler-hrd    server type: Development
DEBUG    2015-12-16 21:40:24,463 main.py:41] Leaving main
INFO     2015-12-16 16:40:24,496 module.py:794] default: "GET /.record-data?temperature=26.61&humidity=23.39&compensated=23.14&vcc=3.38 HTTP/1.1" 404 52
DEBUG    2015-12-16 21:45:08,845 main.py:39] Entering main; app id: jsdabbler-hrd    server type: Development
DEBUG    2015-12-16 21:45:08,852 main.py:41] Leaving main
INFO     2015-12-16 16:45:08,887 module.py:794] default: "GET /.record-data?temperature=26.53&humidity=23.47&compensated=23.24&vcc=3.38 HTTP/1.1" 404 52
DEBUG    2015-12-16 21:49:57,216 main.py:39] Entering main; app id: jsdabbler-hrd    server type: Development
DEBUG    2015-12-16 21:49:57,229 main.py:41] Leaving main
INFO     2015-12-16 16:49:57,255 module.py:794] default: "GET /.record-data?temperature=26.49&humidity=23.53&compensated=23.31&vcc=3.38 HTTP/1.1" 404 52
DEBUG    2015-12-16 21:54:41,959 main.py:39] Entering main; app id: jsdabbler-hrd    server type: Development
DEBUG    2015-12-16 21:54:41,960 main.py:41] Leaving main
INFO     2015-12-16 16:54:41,971 module.py:794] default: "GET /.record-data?temperature=26.71&humidity=23.45&compensated=23.19&vcc=3.37 HTTP/1.1" 404 52
DEBUG    2015-12-16 21:59:26,601 main.py:39] Entering main; app id: jsdabbler-hrd    server type: Development
DEBUG    2015-12-16 21:59:26,604 main.py:41] Leaving main
INFO     2015-12-16 16:59:26,687 module.py:794] default: "GET /.record-data?temperature=26.61&humidity=23.38&compensated=23.14&vcc=3.37 HTTP/1.1" 404 52
DEBUG    2015-12-16 22:04:09,967 main.py:39] Entering main; app id: jsdabbler-hrd    server type: Development
DEBUG    2015-12-16 22:04:09,969 main.py:41] Leaving main
INFO     2015-12-16 17:04:09,976 module.py:794] default: "GET /.record-data?temperature=26.52&humidity=23.49&compensated=23.26&vcc=3.37 HTTP/1.1" 404 52
DEBUG    2015-12-16 22:08:56,137 main.py:39] Entering main; app id: jsdabbler-hrd    server type: Development
DEBUG    2015-12-16 22:08:56,140 main.py:41] Leaving main
INFO     2015-12-16 17:08:56,193 module.py:794] default: "GET /.record-data?temperature=26.44&humidity=23.44&compensated=23.22&vcc=3.37 HTTP/1.1" 404 52
DEBUG    2015-12-16 22:13:38,920 main.py:39] Entering main; app id: jsdabbler-hrd    server type: Development
DEBUG    2015-12-16 22:13:38,921 main.py:41] Leaving main
INFO     2015-12-16 17:13:38,934 module.py:794] default: "GET /.record-data?temperature=26.53&humidity=23.58&compensated=23.35&vcc=3.38 HTTP/1.1" 404 52
DEBUG    2015-12-16 22:18:24,874 main.py:39] Entering main; app id: jsdabbler-hrd    server type: Development
DEBUG    2015-12-16 22:18:24,877 main.py:41] Leaving main
INFO     2015-12-16 17:18:24,897 module.py:794] default: "GET /.record-data?temperature=26.60&humidity=23.43&compensated=23.19&vcc=3.38 HTTP/1.1" 404 52
DEBUG    2015-12-16 22:23:11,348 main.py:39] Entering main; app id: jsdabbler-hrd    server type: Development
DEBUG    2015-12-16 22:23:11,351 main.py:41] Leaving main
INFO     2015-12-16 17:23:11,364 module.py:794] default: "GET /.record-data?temperature=26.50&humidity=23.47&compensated=23.24&vcc=3.38 HTTP/1.1" 404 52
DEBUG    2015-12-16 22:27:56,364 main.py:39] Entering main; app id: jsdabbler-hrd    server type: Development
DEBUG    2015-12-16 22:27:56,365 main.py:41] Leaving main
INFO     2015-12-16 17:27:56,380 module.py:794] default: "GET /.record-data?temperature=26.42&humidity=23.60&compensated=23.39&vcc=3.37 HTTP/1.1" 404 52
DEBUG    2015-12-16 22:32:40,775 main.py:39] Entering main; app id: jsdabbler-hrd    server type: Development
DEBUG    2015-12-16 22:32:40,779 main.py:41] Leaving main
INFO     2015-12-16 17:32:40,809 module.py:794] default: "GET /.record-data?temperature=26.39&humidity=23.65&compensated=23.44&vcc=3.38 HTTP/1.1" 404 52
DEBUG    2015-12-16 22:37:27,141 main.py:39] Entering main; app id: jsdabbler-hrd    server type: Development
DEBUG    2015-12-16 22:37:27,142 main.py:41] Leaving main
INFO     2015-12-16 17:37:27,154 module.py:794] default: "GET /.record-data?temperature=26.68&humidity=23.20&compensated=22.94&vcc=3.38 HTTP/1.1" 404 52
DEBUG    2015-12-16 22:42:14,417 main.py:39] Entering main; app id: jsdabbler-hrd    server type: Development
DEBUG    2015-12-16 22:42:14,418 main.py:41] Leaving main
INFO     2015-12-16 17:42:14,430 module.py:794] default: "GET /.record-data?temperature=26.52&humidity=23.27&compensated=23.04&vcc=3.38 HTTP/1.1" 404 52
DEBUG    2015-12-16 22:46:59,799 main.py:39] Entering main; app id: jsdabbler-hrd    server type: Development
DEBUG    2015-12-16 22:46:59,803 main.py:41] Leaving main
INFO     2015-12-16 17:46:59,832 module.py:794] default: "GET /.record-data?temperature=26.42&humidity=23.36&compensated=23.14&vcc=3.38 HTTP/1.1" 404 52
DEBUG    2015-12-16 22:51:45,680 main.py:39] Entering main; app id: jsdabbler-hrd    server type: Development
DEBUG    2015-12-16 22:51:45,683 main.py:41] Leaving main
INFO     2015-12-16 17:51:45,697 module.py:794] default: "GET /.record-data?temperature=26.34&humidity=23.51&compensated=23.30&vcc=3.38 HTTP/1.1" 404 52
DEBUG    2015-12-16 22:56:30,765 main.py:39] Entering main; app id: jsdabbler-hrd    server type: Development
DEBUG    2015-12-16 22:56:30,769 main.py:41] Leaving main
INFO     2015-12-16 17:56:30,802 module.py:794] default: "GET /.record-data?temperature=26.57&humidity=23.28&compensated=23.05&vcc=3.38 HTTP/1.1" 404 52
DEBUG    2015-12-16 23:01:17,691 main.py:39] Entering main; app id: jsdabbler-hrd    server type: Development
DEBUG    2015-12-16 23:01:17,694 main.py:41] Leaving main
INFO     2015-12-16 18:01:17,711 module.py:794] default: "GET /.record-data?temperature=26.57&humidity=23.06&compensated=22.82&vcc=3.38 HTTP/1.1" 404 52
DEBUG    2015-12-16 23:06:03,134 main.py:39] Entering main; app id: jsdabbler-hrd    server type: Development
DEBUG    2015-12-16 23:06:03,135 main.py:41] Leaving main
INFO     2015-12-16 18:06:03,144 module.py:794] default: "GET /.record-data?temperature=26.45&humidity=23.27&compensated=23.05&vcc=3.38 HTTP/1.1" 404 52
DEBUG    2015-12-16 23:10:48,339 main.py:39] Entering main; app id: jsdabbler-hrd    server type: Development
DEBUG    2015-12-16 23:10:48,342 main.py:41] Leaving main
INFO     2015-12-16 18:10:48,357 module.py:794] default: "GET /.record-data?temperature=26.35&humidity=23.32&compensated=23.12&vcc=3.37 HTTP/1.1" 404 52
DEBUG    2015-12-16 23:15:32,061 main.py:39] Entering main; app id: jsdabbler-hrd    server type: Development
DEBUG    2015-12-16 23:15:32,062 main.py:41] Leaving main
INFO     2015-12-16 18:15:32,072 module.py:794] default: "GET /.record-data?temperature=26.52&humidity=23.21&compensated=22.99&vcc=3.38 HTTP/1.1" 404 52
DEBUG    2015-12-16 23:20:17,651 main.py:39] Entering main; app id: jsdabbler-hrd    server type: Development
DEBUG    2015-12-16 23:20:17,653 main.py:41] Leaving main
INFO     2015-12-16 18:20:17,663 module.py:794] default: "GET /.record-data?temperature=26.64&humidity=22.95&compensated=22.70&vcc=3.38 HTTP/1.1" 404 52
DEBUG    2015-12-16 23:25:04,190 main.py:39] Entering main; app id: jsdabbler-hrd    server type: Development
DEBUG    2015-12-16 23:25:04,191 main.py:41] Leaving main
INFO     2015-12-16 18:25:04,214 module.py:794] default: "GET /.record-data?temperature=26.53&humidity=22.96&compensated=22.73&vcc=3.38 HTTP/1.1" 404 52
DEBUG    2015-12-16 23:29:49,033 main.py:39] Entering main; app id: jsdabbler-hrd    server type: Development
DEBUG    2015-12-16 23:29:49,039 main.py:41] Leaving main
INFO     2015-12-16 18:29:49,081 module.py:794] default: "GET /.record-data?temperature=26.38&humidity=23.14&compensated=22.93&vcc=3.38 HTTP/1.1" 404 52
DEBUG    2015-12-16 23:34:34,660 main.py:39] Entering main; app id: jsdabbler-hrd    server type: Development
DEBUG    2015-12-16 23:34:34,661 main.py:41] Leaving main
INFO     2015-12-16 18:34:34,670 module.py:794] default: "GET /.record-data?temperature=26.40&humidity=23.16&compensated=22.95&vcc=3.38 HTTP/1.1" 404 52
DEBUG    2015-12-16 23:39:20,345 main.py:39] Entering main; app id: jsdabbler-hrd    server type: Development
DEBUG    2015-12-16 23:39:20,345 main.py:41] Leaving main
INFO     2015-12-16 18:39:20,355 module.py:794] default: "GET /.record-data?temperature=26.61&humidity=22.80&compensated=22.56&vcc=3.37 HTTP/1.1" 404 52
DEBUG    2015-12-16 23:44:04,443 main.py:39] Entering main; app id: jsdabbler-hrd    server type: Development
DEBUG    2015-12-16 23:44:04,447 main.py:41] Leaving main
INFO     2015-12-16 18:44:04,487 module.py:794] default: "GET /.record-data?temperature=26.42&humidity=22.96&compensated=22.74&vcc=3.37 HTTP/1.1" 404 52
DEBUG    2015-12-16 23:48:49,832 main.py:39] Entering main; app id: jsdabbler-hrd    server type: Development
DEBUG    2015-12-16 23:48:49,835 main.py:41] Leaving main
INFO     2015-12-16 18:48:49,862 module.py:794] default: "GET /.record-data?temperature=26.33&humidity=23.24&compensated=23.04&vcc=3.38 HTTP/1.1" 404 52
DEBUG    2015-12-16 23:53:35,276 main.py:39] Entering main; app id: jsdabbler-hrd    server type: Development
DEBUG    2015-12-16 23:53:35,276 main.py:41] Leaving main
INFO     2015-12-16 18:53:35,286 module.py:794] default: "GET /.record-data?temperature=26.29&humidity=23.25&compensated=23.06&vcc=3.38 HTTP/1.1" 404 52
DEBUG    2015-12-16 23:58:20,213 main.py:39] Entering main; app id: jsdabbler-hrd    server type: Development
DEBUG    2015-12-16 23:58:20,217 main.py:41] Leaving main
INFO     2015-12-16 18:58:20,244 module.py:794] default: "GET /.record-data?temperature=26.53&humidity=23.01&compensated=22.78&vcc=3.38 HTTP/1.1" 404 52
DEBUG    2015-12-17 00:03:06,326 main.py:39] Entering main; app id: jsdabbler-hrd    server type: Development
DEBUG    2015-12-17 00:03:06,328 main.py:41] Leaving main
INFO     2015-12-16 19:03:06,338 module.py:794] default: "GET /.record-data?temperature=26.42&humidity=22.79&compensated=22.58&vcc=3.37 HTTP/1.1" 404 52
DEBUG    2015-12-17 00:07:52,651 main.py:39] Entering main; app id: jsdabbler-hrd    server type: Development
DEBUG    2015-12-17 00:07:52,653 main.py:41] Leaving main
INFO     2015-12-16 19:07:52,673 module.py:794] default: "GET /.record-data?temperature=26.29&humidity=22.95&compensated=22.76&vcc=3.37 HTTP/1.1" 404 52
DEBUG    2015-12-17 00:12:36,519 main.py:39] Entering main; app id: jsdabbler-hrd    server type: Development
DEBUG    2015-12-17 00:12:36,525 main.py:41] Leaving main
INFO     2015-12-16 19:12:36,661 module.py:794] default: "GET /.record-data?temperature=26.22&humidity=23.00&compensated=22.82&vcc=3.38 HTTP/1.1" 404 52
DEBUG    2015-12-17 00:17:19,526 main.py:39] Entering main; app id: jsdabbler-hrd    server type: Development
DEBUG    2015-12-17 00:17:19,526 main.py:41] Leaving main
INFO     2015-12-16 19:17:19,535 module.py:794] default: "GET /.record-data?temperature=26.49&humidity=23.01&compensated=22.78&vcc=3.38 HTTP/1.1" 404 52
DEBUG    2015-12-17 00:22:06,061 main.py:39] Entering main; app id: jsdabbler-hrd    server type: Development
DEBUG    2015-12-17 00:22:06,062 main.py:41] Leaving main
INFO     2015-12-16 19:22:06,084 module.py:794] default: "GET /.record-data?temperature=26.70&humidity=22.63&compensated=22.38&vcc=3.37 HTTP/1.1" 404 52
DEBUG    2015-12-17 00:26:50,930 main.py:39] Entering main; app id: jsdabbler-hrd    server type: Development
DEBUG    2015-12-17 00:26:50,931 main.py:41] Leaving main
INFO     2015-12-16 19:26:50,946 module.py:794] default: "GET /.record-data?temperature=26.64&humidity=22.96&compensated=22.71&vcc=3.38 HTTP/1.1" 404 52
DEBUG    2015-12-17 00:31:37,961 main.py:39] Entering main; app id: jsdabbler-hrd    server type: Development
DEBUG    2015-12-17 00:31:37,963 main.py:41] Leaving main
INFO     2015-12-16 19:31:37,971 module.py:794] default: "GET /.record-data?temperature=26.54&humidity=23.23&compensated=23.00&vcc=3.38 HTTP/1.1" 404 52
DEBUG    2015-12-17 00:36:22,344 main.py:39] Entering main; app id: jsdabbler-hrd    server type: Development
DEBUG    2015-12-17 00:36:22,345 main.py:41] Leaving main
INFO     2015-12-16 19:36:22,381 module.py:794] default: "GET /.record-data?temperature=26.73&humidity=23.12&compensated=22.86&vcc=3.37 HTTP/1.1" 404 52
DEBUG    2015-12-17 00:41:06,490 main.py:39] Entering main; app id: jsdabbler-hrd    server type: Development
DEBUG    2015-12-17 00:41:06,493 main.py:41] Leaving main
INFO     2015-12-16 19:41:06,505 module.py:794] default: "GET /.record-data?temperature=26.71&humidity=23.50&compensated=23.24&vcc=3.38 HTTP/1.1" 404 52
DEBUG    2015-12-17 00:45:55,196 main.py:39] Entering main; app id: jsdabbler-hrd    server type: Development
DEBUG    2015-12-17 00:45:55,213 main.py:41] Leaving main
INFO     2015-12-16 19:45:55,255 module.py:794] default: "GET /.record-data?temperature=26.61&humidity=23.86&compensated=23.62&vcc=3.38 HTTP/1.1" 404 52
DEBUG    2015-12-17 00:50:44,838 main.py:39] Entering main; app id: jsdabbler-hrd    server type: Development
DEBUG    2015-12-17 00:50:44,842 main.py:41] Leaving main
INFO     2015-12-16 19:50:44,855 module.py:794] default: "GET /.record-data?temperature=26.56&humidity=24.21&compensated=23.97&vcc=3.37 HTTP/1.1" 404 52
DEBUG    2015-12-17 00:55:30,219 main.py:39] Entering main; app id: jsdabbler-hrd    server type: Development
DEBUG    2015-12-17 00:55:30,220 main.py:41] Leaving main
INFO     2015-12-16 19:55:30,246 module.py:794] default: "GET /.record-data?temperature=26.51&humidity=25.00&compensated=24.77&vcc=3.37 HTTP/1.1" 404 52
DEBUG    2015-12-17 01:00:15,190 main.py:39] Entering main; app id: jsdabbler-hrd    server type: Development
DEBUG    2015-12-17 01:00:15,191 main.py:41] Leaving main
INFO     2015-12-16 20:00:15,200 module.py:794] default: "GET /.record-data?temperature=26.68&humidity=24.62&compensated=24.36&vcc=3.37 HTTP/1.1" 404 52
DEBUG    2015-12-17 01:05:00,141 main.py:39] Entering main; app id: jsdabbler-hrd    server type: Development
DEBUG    2015-12-17 01:05:00,142 main.py:41] Leaving main
INFO     2015-12-16 20:05:00,153 module.py:794] default: "GET /.record-data?temperature=26.67&humidity=24.48&compensated=24.23&vcc=3.38 HTTP/1.1" 404 52
DEBUG    2015-12-17 01:09:45,980 main.py:39] Entering main; app id: jsdabbler-hrd    server type: Development
DEBUG    2015-12-17 01:09:45,980 main.py:41] Leaving main
INFO     2015-12-16 20:09:46,000 module.py:794] default: "GET /.record-data?temperature=26.59&humidity=24.51&compensated=24.27&vcc=3.37 HTTP/1.1" 404 52
DEBUG    2015-12-17 01:14:31,181 main.py:39] Entering main; app id: jsdabbler-hrd    server type: Development
DEBUG    2015-12-17 01:14:31,184 main.py:41] Leaving main
INFO     2015-12-16 20:14:31,200 module.py:794] default: "GET /.record-data?temperature=26.52&humidity=24.50&compensated=24.27&vcc=3.37 HTTP/1.1" 404 52
DEBUG    2015-12-17 01:19:17,668 main.py:39] Entering main; app id: jsdabbler-hrd    server type: Development
DEBUG    2015-12-17 01:19:17,671 main.py:41] Leaving main
INFO     2015-12-16 20:19:17,697 module.py:794] default: "GET /.record-data?temperature=26.52&humidity=24.57&compensated=24.34&vcc=3.38 HTTP/1.1" 404 52
DEBUG    2015-12-17 01:24:04,954 main.py:39] Entering main; app id: jsdabbler-hrd    server type: Development
DEBUG    2015-12-17 01:24:04,957 main.py:41] Leaving main
INFO     2015-12-16 20:24:04,974 module.py:794] default: "GET /.record-data?temperature=26.61&humidity=24.26&compensated=24.01&vcc=3.37 HTTP/1.1" 404 52
DEBUG    2015-12-17 01:28:51,612 main.py:39] Entering main; app id: jsdabbler-hrd    server type: Development
DEBUG    2015-12-17 01:28:51,617 main.py:41] Leaving main
INFO     2015-12-16 20:28:51,644 module.py:794] default: "GET /.record-data?temperature=26.58&humidity=24.22&compensated=23.98&vcc=3.38 HTTP/1.1" 404 52
DEBUG    2015-12-17 01:33:39,476 main.py:39] Entering main; app id: jsdabbler-hrd    server type: Development
DEBUG    2015-12-17 01:33:39,476 main.py:41] Leaving main
INFO     2015-12-16 20:33:39,487 module.py:794] default: "GET /.record-data?temperature=26.46&humidity=24.38&compensated=24.16&vcc=3.37 HTTP/1.1" 404 52
DEBUG    2015-12-17 01:38:25,211 main.py:39] Entering main; app id: jsdabbler-hrd    server type: Development
DEBUG    2015-12-17 01:38:25,217 main.py:41] Leaving main
INFO     2015-12-16 20:38:25,252 module.py:794] default: "GET /.record-data?temperature=26.57&humidity=24.35&compensated=24.12&vcc=3.38 HTTP/1.1" 404 52
DEBUG    2015-12-17 01:43:10,823 main.py:39] Entering main; app id: jsdabbler-hrd    server type: Development
DEBUG    2015-12-17 01:43:10,825 main.py:41] Leaving main
INFO     2015-12-16 20:43:10,838 module.py:794] default: "GET /.record-data?temperature=26.52&humidity=24.11&compensated=23.88&vcc=3.37 HTTP/1.1" 404 52
DEBUG    2015-12-17 01:47:55,494 main.py:39] Entering main; app id: jsdabbler-hrd    server type: Development
DEBUG    2015-12-17 01:47:55,500 main.py:41] Leaving main
INFO     2015-12-16 20:47:55,530 module.py:794] default: "GET /.record-data?temperature=26.45&humidity=24.16&compensated=23.94&vcc=3.37 HTTP/1.1" 404 52
DEBUG    2015-12-17 01:52:39,651 main.py:39] Entering main; app id: jsdabbler-hrd    server type: Development
DEBUG    2015-12-17 01:52:39,651 main.py:41] Leaving main
INFO     2015-12-16 20:52:39,661 module.py:794] default: "GET /.record-data?temperature=26.46&humidity=24.26&compensated=24.04&vcc=3.38 HTTP/1.1" 404 52
DEBUG    2015-12-17 01:57:28,155 main.py:39] Entering main; app id: jsdabbler-hrd    server type: Development
DEBUG    2015-12-17 01:57:28,157 main.py:41] Leaving main
INFO     2015-12-16 20:57:28,168 module.py:794] default: "GET /.record-data?temperature=26.50&humidity=24.10&compensated=23.88&vcc=3.37 HTTP/1.1" 404 52
DEBUG    2015-12-17 02:02:14,086 main.py:39] Entering main; app id: jsdabbler-hrd    server type: Development
DEBUG    2015-12-17 02:02:14,092 main.py:41] Leaving main
INFO     2015-12-16 21:02:14,137 module.py:794] default: "GET /.record-data?temperature=26.48&humidity=24.08&compensated=23.86&vcc=3.38 HTTP/1.1" 404 52
DEBUG    2015-12-17 02:06:56,095 main.py:39] Entering main; app id: jsdabbler-hrd    server type: Development
DEBUG    2015-12-17 02:06:56,096 main.py:41] Leaving main
INFO     2015-12-16 21:06:56,108 module.py:794] default: "GET /.record-data?temperature=26.54&humidity=24.70&compensated=24.46&vcc=3.38 HTTP/1.1" 404 52
DEBUG    2015-12-17 02:11:42,369 main.py:39] Entering main; app id: jsdabbler-hrd    server type: Development
DEBUG    2015-12-17 02:11:42,372 main.py:41] Leaving main
INFO     2015-12-16 21:11:42,448 module.py:794] default: "GET /.record-data?temperature=26.70&humidity=23.94&compensated=23.68&vcc=3.38 HTTP/1.1" 404 52
DEBUG    2015-12-17 02:16:27,686 main.py:39] Entering main; app id: jsdabbler-hrd    server type: Development
DEBUG    2015-12-17 02:16:27,688 main.py:41] Leaving main
INFO     2015-12-16 21:16:27,710 module.py:794] default: "GET /.record-data?temperature=26.41&humidity=24.35&compensated=24.14&vcc=3.37 HTTP/1.1" 404 52
DEBUG    2015-12-17 02:21:12,509 main.py:39] Entering main; app id: jsdabbler-hrd    server type: Development
DEBUG    2015-12-17 02:21:12,513 main.py:41] Leaving main
INFO     2015-12-16 21:21:12,536 module.py:794] default: "GET /.record-data?temperature=26.02&humidity=24.92&compensated=24.77&vcc=3.37 HTTP/1.1" 404 52
DEBUG    2015-12-17 02:25:58,812 main.py:39] Entering main; app id: jsdabbler-hrd    server type: Development
DEBUG    2015-12-17 02:25:58,815 main.py:41] Leaving main
INFO     2015-12-16 21:25:58,841 module.py:794] default: "GET /.record-data?temperature=25.94&humidity=25.33&compensated=25.19&vcc=3.37 HTTP/1.1" 404 52
DEBUG    2015-12-17 02:30:46,927 main.py:39] Entering main; app id: jsdabbler-hrd    server type: Development
DEBUG    2015-12-17 02:30:46,930 main.py:41] Leaving main
INFO     2015-12-16 21:30:46,969 module.py:794] default: "GET /.record-data?temperature=25.80&humidity=25.41&compensated=25.29&vcc=3.37 HTTP/1.1" 404 52
DEBUG    2015-12-17 02:35:35,214 main.py:39] Entering main; app id: jsdabbler-hrd    server type: Development
DEBUG    2015-12-17 02:35:35,217 main.py:41] Leaving main
INFO     2015-12-16 21:35:35,255 module.py:794] default: "GET /.record-data?temperature=25.68&humidity=25.62&compensated=25.51&vcc=3.37 HTTP/1.1" 404 52
DEBUG    2015-12-17 02:40:20,832 main.py:39] Entering main; app id: jsdabbler-hrd    server type: Development
DEBUG    2015-12-17 02:40:20,835 main.py:41] Leaving main
INFO     2015-12-16 21:40:20,855 module.py:794] default: "GET /.record-data?temperature=25.66&humidity=25.91&compensated=25.81&vcc=3.37 HTTP/1.1" 404 52
DEBUG    2015-12-17 02:45:05,799 main.py:39] Entering main; app id: jsdabbler-hrd    server type: Development
DEBUG    2015-12-17 02:45:05,802 main.py:41] Leaving main
INFO     2015-12-16 21:45:05,828 module.py:794] default: "GET /.record-data?temperature=25.60&humidity=25.83&compensated=25.74&vcc=3.37 HTTP/1.1" 404 52
DEBUG    2015-12-17 02:49:51,424 main.py:39] Entering main; app id: jsdabbler-hrd    server type: Development
DEBUG    2015-12-17 02:49:51,427 main.py:41] Leaving main
INFO     2015-12-16 21:49:51,451 module.py:794] default: "GET /.record-data?temperature=25.48&humidity=26.04&compensated=25.96&vcc=3.37 HTTP/1.1" 404 52
DEBUG    2015-12-17 02:54:39,322 main.py:39] Entering main; app id: jsdabbler-hrd    server type: Development
DEBUG    2015-12-17 02:54:39,326 main.py:41] Leaving main
INFO     2015-12-16 21:54:39,361 module.py:794] default: "GET /.record-data?temperature=25.38&humidity=26.41&compensated=26.35&vcc=3.36 HTTP/1.1" 404 52
DEBUG    2015-12-17 02:59:24,312 main.py:39] Entering main; app id: jsdabbler-hrd    server type: Development
DEBUG    2015-12-17 02:59:24,316 main.py:41] Leaving main
INFO     2015-12-16 21:59:24,367 module.py:794] default: "GET /.record-data?temperature=25.41&humidity=26.29&compensated=26.23&vcc=3.37 HTTP/1.1" 404 52
DEBUG    2015-12-17 03:04:09,188 main.py:39] Entering main; app id: jsdabbler-hrd    server type: Development
DEBUG    2015-12-17 03:04:09,191 main.py:41] Leaving main
INFO     2015-12-16 22:04:09,219 module.py:794] default: "GET /.record-data?temperature=25.33&humidity=27.63&compensated=27.58&vcc=3.36 HTTP/1.1" 404 52
DEBUG    2015-12-17 03:08:53,760 main.py:39] Entering main; app id: jsdabbler-hrd    server type: Development
DEBUG    2015-12-17 03:08:53,763 main.py:41] Leaving main
INFO     2015-12-16 22:08:53,790 module.py:794] default: "GET /.record-data?temperature=25.25&humidity=26.45&compensated=26.42&vcc=3.37 HTTP/1.1" 404 52
DEBUG    2015-12-17 03:13:40,585 main.py:39] Entering main; app id: jsdabbler-hrd    server type: Development
DEBUG    2015-12-17 03:13:40,588 main.py:41] Leaving main
INFO     2015-12-16 22:13:40,611 module.py:794] default: "GET /.record-data?temperature=25.34&humidity=26.66&compensated=26.61&vcc=3.36 HTTP/1.1" 404 52
DEBUG    2015-12-17 03:18:27,259 main.py:39] Entering main; app id: jsdabbler-hrd    server type: Development
DEBUG    2015-12-17 03:18:27,263 main.py:41] Leaving main
INFO     2015-12-16 22:18:27,299 module.py:794] default: "GET /.record-data?temperature=25.36&humidity=26.43&compensated=26.38&vcc=3.37 HTTP/1.1" 404 52
DEBUG    2015-12-17 03:23:12,224 main.py:39] Entering main; app id: jsdabbler-hrd    server type: Development
DEBUG    2015-12-17 03:23:12,234 main.py:41] Leaving main
INFO     2015-12-16 22:23:12,267 module.py:794] default: "GET /.record-data?temperature=25.28&humidity=26.56&compensated=26.52&vcc=3.36 HTTP/1.1" 404 52
DEBUG    2015-12-17 03:27:53,697 main.py:39] Entering main; app id: jsdabbler-hrd    server type: Development
DEBUG    2015-12-17 03:27:53,700 main.py:41] Leaving main
INFO     2015-12-16 22:27:53,727 module.py:794] default: "GET /.record-data?temperature=25.12&humidity=26.72&compensated=26.70&vcc=3.37 HTTP/1.1" 404 52
DEBUG    2015-12-17 03:32:39,713 main.py:39] Entering main; app id: jsdabbler-hrd    server type: Development
DEBUG    2015-12-17 03:32:39,716 main.py:41] Leaving main
INFO     2015-12-16 22:32:39,739 module.py:794] default: "GET /.record-data?temperature=24.95&humidity=26.95&compensated=26.95&vcc=3.37 HTTP/1.1" 404 52
DEBUG    2015-12-17 03:37:25,812 main.py:39] Entering main; app id: jsdabbler-hrd    server type: Development
DEBUG    2015-12-17 03:37:25,815 main.py:41] Leaving main
INFO     2015-12-16 22:37:25,839 module.py:794] default: "GET /.record-data?temperature=24.76&humidity=27.26&compensated=27.30&vcc=3.36 HTTP/1.1" 404 52
DEBUG    2015-12-17 03:42:10,763 main.py:39] Entering main; app id: jsdabbler-hrd    server type: Development
DEBUG    2015-12-17 03:42:10,766 main.py:41] Leaving main
INFO     2015-12-16 22:42:10,790 module.py:794] default: "GET /.record-data?temperature=24.65&humidity=27.51&compensated=27.57&vcc=3.35 HTTP/1.1" 404 52
DEBUG    2015-12-17 03:46:55,160 main.py:39] Entering main; app id: jsdabbler-hrd    server type: Development
DEBUG    2015-12-17 03:46:55,163 main.py:41] Leaving main
INFO     2015-12-16 22:46:55,186 module.py:794] default: "GET /.record-data?temperature=24.51&humidity=27.71&compensated=27.78&vcc=3.37 HTTP/1.1" 404 52
DEBUG    2015-12-17 03:51:43,046 main.py:39] Entering main; app id: jsdabbler-hrd    server type: Development
DEBUG    2015-12-17 03:51:43,049 main.py:41] Leaving main
INFO     2015-12-16 22:51:43,072 module.py:794] default: "GET /.record-data?temperature=24.43&humidity=27.84&compensated=27.92&vcc=3.36 HTTP/1.1" 404 52
DEBUG    2015-12-17 03:56:30,135 main.py:39] Entering main; app id: jsdabbler-hrd    server type: Development
DEBUG    2015-12-17 03:56:30,138 main.py:41] Leaving main
INFO     2015-12-16 22:56:30,164 module.py:794] default: "GET /.record-data?temperature=24.35&humidity=27.95&compensated=28.05&vcc=3.36 HTTP/1.1" 404 52
DEBUG    2015-12-17 04:01:13,239 main.py:39] Entering main; app id: jsdabbler-hrd    server type: Development
DEBUG    2015-12-17 04:01:13,242 main.py:41] Leaving main
INFO     2015-12-16 23:01:13,272 module.py:794] default: "GET /.record-data?temperature=24.28&humidity=27.95&compensated=28.05&vcc=3.35 HTTP/1.1" 404 52
DEBUG    2015-12-17 04:06:00,154 main.py:39] Entering main; app id: jsdabbler-hrd    server type: Development
DEBUG    2015-12-17 04:06:00,157 main.py:41] Leaving main
INFO     2015-12-16 23:06:00,180 module.py:794] default: "GET /.record-data?temperature=24.20&humidity=28.04&compensated=28.16&vcc=3.36 HTTP/1.1" 404 52
DEBUG    2015-12-17 04:10:41,957 main.py:39] Entering main; app id: jsdabbler-hrd    server type: Development
DEBUG    2015-12-17 04:10:41,960 main.py:41] Leaving main
INFO     2015-12-16 23:10:41,986 module.py:794] default: "GET /.record-data?temperature=24.09&humidity=28.20&compensated=28.34&vcc=3.36 HTTP/1.1" 404 52
DEBUG    2015-12-17 04:15:28,937 main.py:39] Entering main; app id: jsdabbler-hrd    server type: Development
DEBUG    2015-12-17 04:15:28,940 main.py:41] Leaving main
INFO     2015-12-16 23:15:28,969 module.py:794] default: "GET /.record-data?temperature=23.99&humidity=28.25&compensated=28.40&vcc=3.37 HTTP/1.1" 404 52
DEBUG    2015-12-17 04:20:15,769 main.py:39] Entering main; app id: jsdabbler-hrd    server type: Development
DEBUG    2015-12-17 04:20:15,772 main.py:41] Leaving main
INFO     2015-12-16 23:20:15,798 module.py:794] default: "GET /.record-data?temperature=23.93&humidity=28.32&compensated=28.48&vcc=3.35 HTTP/1.1" 404 52
DEBUG    2015-12-17 04:25:02,694 main.py:39] Entering main; app id: jsdabbler-hrd    server type: Development
DEBUG    2015-12-17 04:25:02,700 main.py:41] Leaving main
INFO     2015-12-16 23:25:02,721 module.py:794] default: "GET /.record-data?temperature=23.82&humidity=28.43&compensated=28.61&vcc=3.34 HTTP/1.1" 404 52
DEBUG    2015-12-17 04:29:47,460 main.py:39] Entering main; app id: jsdabbler-hrd    server type: Development
DEBUG    2015-12-17 04:29:47,466 main.py:41] Leaving main
INFO     2015-12-16 23:29:47,497 module.py:794] default: "GET /.record-data?temperature=23.74&humidity=28.50&compensated=28.69&vcc=3.35 HTTP/1.1" 404 52
DEBUG    2015-12-17 04:34:35,032 main.py:39] Entering main; app id: jsdabbler-hrd    server type: Development
DEBUG    2015-12-17 04:34:35,036 main.py:41] Leaving main
INFO     2015-12-16 23:34:35,056 module.py:794] default: "GET /.record-data?temperature=23.69&humidity=28.52&compensated=28.72&vcc=3.36 HTTP/1.1" 404 52
DEBUG    2015-12-17 04:39:23,980 main.py:39] Entering main; app id: jsdabbler-hrd    server type: Development
DEBUG    2015-12-17 04:39:23,983 main.py:41] Leaving main
INFO     2015-12-16 23:39:24,005 module.py:794] default: "GET /.record-data?temperature=23.58&humidity=28.65&compensated=28.86&vcc=3.35 HTTP/1.1" 404 52
DEBUG    2015-12-17 04:44:11,627 main.py:39] Entering main; app id: jsdabbler-hrd    server type: Development
DEBUG    2015-12-17 04:44:11,630 main.py:41] Leaving main
INFO     2015-12-16 23:44:11,653 module.py:794] default: "GET /.record-data?temperature=23.53&humidity=28.66&compensated=28.88&vcc=3.34 HTTP/1.1" 404 52
DEBUG    2015-12-17 04:48:55,993 main.py:39] Entering main; app id: jsdabbler-hrd    server type: Development
DEBUG    2015-12-17 04:48:55,996 main.py:41] Leaving main
INFO     2015-12-16 23:48:56,019 module.py:794] default: "GET /.record-data?temperature=23.49&humidity=28.65&compensated=28.88&vcc=3.35 HTTP/1.1" 404 52
DEBUG    2015-12-17 04:53:41,789 main.py:39] Entering main; app id: jsdabbler-hrd    server type: Development
DEBUG    2015-12-17 04:53:41,792 main.py:41] Leaving main
INFO     2015-12-16 23:53:41,818 module.py:794] default: "GET /.record-data?temperature=23.42&humidity=28.67&compensated=28.91&vcc=3.36 HTTP/1.1" 404 52
DEBUG    2015-12-17 04:58:28,404 main.py:39] Entering main; app id: jsdabbler-hrd    server type: Development
DEBUG    2015-12-17 04:58:28,407 main.py:41] Leaving main
INFO     2015-12-16 23:58:28,427 module.py:794] default: "GET /.record-data?temperature=23.41&humidity=28.65&compensated=28.89&vcc=3.33 HTTP/1.1" 404 52
DEBUG    2015-12-17 05:03:14,605 main.py:39] Entering main; app id: jsdabbler-hrd    server type: Development
DEBUG    2015-12-17 05:03:14,608 main.py:41] Leaving main
INFO     2015-12-17 00:03:14,631 module.py:794] default: "GET /.record-data?temperature=23.35&humidity=28.72&compensated=28.97&vcc=3.32 HTTP/1.1" 404 52
DEBUG    2015-12-17 05:07:59,095 main.py:39] Entering main; app id: jsdabbler-hrd    server type: Development
DEBUG    2015-12-17 05:07:59,098 main.py:41] Leaving main
INFO     2015-12-17 00:07:59,118 module.py:794] default: "GET /.record-data?temperature=23.36&humidity=28.61&compensated=28.85&vcc=3.32 HTTP/1.1" 404 52
DEBUG    2015-12-17 05:12:43,257 main.py:39] Entering main; app id: jsdabbler-hrd    server type: Development
DEBUG    2015-12-17 05:12:43,262 main.py:41] Leaving main
INFO     2015-12-17 00:12:43,282 module.py:794] default: "GET /.record-data?temperature=23.30&humidity=28.61&compensated=28.86&vcc=3.35 HTTP/1.1" 404 52
DEBUG    2015-12-17 05:17:26,095 main.py:39] Entering main; app id: jsdabbler-hrd    server type: Development
DEBUG    2015-12-17 05:17:26,098 main.py:41] Leaving main
INFO     2015-12-17 00:17:26,119 module.py:794] default: "GET /.record-data?temperature=23.28&humidity=28.49&compensated=28.75&vcc=3.35 HTTP/1.1" 404 52
DEBUG    2015-12-17 05:22:13,691 main.py:39] Entering main; app id: jsdabbler-hrd    server type: Development
DEBUG    2015-12-17 05:22:13,694 main.py:41] Leaving main
INFO     2015-12-17 00:22:13,717 module.py:794] default: "GET /.record-data?temperature=23.26&humidity=28.35&compensated=28.62&vcc=3.32 HTTP/1.1" 404 52
DEBUG    2015-12-17 05:26:56,460 main.py:39] Entering main; app id: jsdabbler-hrd    server type: Development
DEBUG    2015-12-17 05:26:56,463 main.py:41] Leaving main
INFO     2015-12-17 00:26:56,484 module.py:794] default: "GET /.record-data?temperature=23.20&humidity=28.32&compensated=28.59&vcc=3.34 HTTP/1.1" 404 52
DEBUG    2015-12-17 05:31:42,799 main.py:39] Entering main; app id: jsdabbler-hrd    server type: Development
DEBUG    2015-12-17 05:31:42,802 main.py:41] Leaving main
INFO     2015-12-17 00:31:42,828 module.py:794] default: "GET /.record-data?temperature=23.14&humidity=28.35&compensated=28.63&vcc=3.31 HTTP/1.1" 404 52
DEBUG    2015-12-17 05:36:27,022 main.py:39] Entering main; app id: jsdabbler-hrd    server type: Development
DEBUG    2015-12-17 05:36:27,023 main.py:41] Leaving main
INFO     2015-12-17 00:36:27,055 module.py:794] default: "GET /.record-data?temperature=23.07&humidity=28.37&compensated=28.66&vcc=3.31 HTTP/1.1" 404 52
DEBUG    2015-12-17 05:41:12,321 main.py:39] Entering main; app id: jsdabbler-hrd    server type: Development
DEBUG    2015-12-17 05:41:12,325 main.py:41] Leaving main
INFO     2015-12-17 00:41:12,351 module.py:794] default: "GET /.record-data?temperature=22.99&humidity=28.44&compensated=28.74&vcc=3.34 HTTP/1.1" 404 52
DEBUG    2015-12-17 05:45:57,384 main.py:39] Entering main; app id: jsdabbler-hrd    server type: Development
DEBUG    2015-12-17 05:45:57,388 main.py:41] Leaving main
INFO     2015-12-17 00:45:57,415 module.py:794] default: "GET /.record-data?temperature=22.95&humidity=28.44&compensated=28.75&vcc=3.34 HTTP/1.1" 404 52
DEBUG    2015-12-17 05:50:43,881 main.py:39] Entering main; app id: jsdabbler-hrd    server type: Development
DEBUG    2015-12-17 05:50:43,884 main.py:41] Leaving main
INFO     2015-12-17 00:50:43,907 module.py:794] default: "GET /.record-data?temperature=22.88&humidity=28.48&compensated=28.80&vcc=3.33 HTTP/1.1" 404 52
DEBUG    2015-12-17 05:55:29,332 main.py:39] Entering main; app id: jsdabbler-hrd    server type: Development
DEBUG    2015-12-17 05:55:29,335 main.py:41] Leaving main
INFO     2015-12-17 00:55:29,525 module.py:794] default: "GET /.record-data?temperature=22.82&humidity=28.46&compensated=28.79&vcc=3.34 HTTP/1.1" 404 52
DEBUG    2015-12-17 06:00:16,977 main.py:39] Entering main; app id: jsdabbler-hrd    server type: Development
DEBUG    2015-12-17 06:00:16,980 main.py:41] Leaving main
INFO     2015-12-17 01:00:17,000 module.py:794] default: "GET /.record-data?temperature=22.78&humidity=28.53&compensated=28.86&vcc=3.30 HTTP/1.1" 404 52
DEBUG    2015-12-17 06:05:01,296 main.py:39] Entering main; app id: jsdabbler-hrd    server type: Development
DEBUG    2015-12-17 06:05:01,299 main.py:41] Leaving main
INFO     2015-12-17 01:05:01,332 module.py:794] default: "GET /.record-data?temperature=22.72&humidity=28.56&compensated=28.90&vcc=3.29 HTTP/1.1" 404 52
DEBUG    2015-12-17 06:09:43,976 main.py:39] Entering main; app id: jsdabbler-hrd    server type: Development
DEBUG    2015-12-17 06:09:43,979 main.py:41] Leaving main
INFO     2015-12-17 01:09:44,000 module.py:794] default: "GET /.record-data?temperature=22.67&humidity=28.56&compensated=28.91&vcc=3.33 HTTP/1.1" 404 52
DEBUG    2015-12-17 06:14:30,165 main.py:39] Entering main; app id: jsdabbler-hrd    server type: Development
DEBUG    2015-12-17 06:14:30,168 main.py:41] Leaving main
INFO     2015-12-17 01:14:30,191 module.py:794] default: "GET /.record-data?temperature=22.68&humidity=28.67&compensated=29.02&vcc=3.29 HTTP/1.1" 404 52
DEBUG    2015-12-17 06:19:15,355 main.py:39] Entering main; app id: jsdabbler-hrd    server type: Development
DEBUG    2015-12-17 06:19:15,358 main.py:41] Leaving main
INFO     2015-12-17 01:19:15,380 module.py:794] default: "GET /.record-data?temperature=22.60&humidity=28.69&compensated=29.05&vcc=3.32 HTTP/1.1" 404 52
DEBUG    2015-12-17 06:24:00,897 main.py:39] Entering main; app id: jsdabbler-hrd    server type: Development
DEBUG    2015-12-17 06:24:00,900 main.py:41] Leaving main
INFO     2015-12-17 01:24:00,927 module.py:794] default: "GET /.record-data?temperature=22.56&humidity=28.70&compensated=29.06&vcc=3.29 HTTP/1.1" 404 52
DEBUG    2015-12-17 06:28:45,417 main.py:39] Entering main; app id: jsdabbler-hrd    server type: Development
DEBUG    2015-12-17 06:28:45,421 main.py:41] Leaving main
INFO     2015-12-17 01:28:45,447 module.py:794] default: "GET /.record-data?temperature=22.51&humidity=28.73&compensated=29.11&vcc=3.29 HTTP/1.1" 404 52
DEBUG    2015-12-17 06:33:30,160 main.py:39] Entering main; app id: jsdabbler-hrd    server type: Development
DEBUG    2015-12-17 06:33:30,163 main.py:41] Leaving main
INFO     2015-12-17 01:33:30,186 module.py:794] default: "GET /.record-data?temperature=22.50&humidity=28.66&compensated=29.04&vcc=3.28 HTTP/1.1" 404 52
DEBUG    2015-12-17 06:38:14,341 main.py:39] Entering main; app id: jsdabbler-hrd    server type: Development
DEBUG    2015-12-17 06:38:14,344 main.py:41] Leaving main
INFO     2015-12-17 01:38:14,368 module.py:794] default: "GET /.record-data?temperature=22.44&humidity=28.73&compensated=29.12&vcc=3.27 HTTP/1.1" 404 52
DEBUG    2015-12-17 06:42:58,780 main.py:39] Entering main; app id: jsdabbler-hrd    server type: Development
DEBUG    2015-12-17 06:42:58,782 main.py:41] Leaving main
INFO     2015-12-17 01:42:58,806 module.py:794] default: "GET /.record-data?temperature=22.41&humidity=28.73&compensated=29.12&vcc=3.29 HTTP/1.1" 404 52
DEBUG    2015-12-17 06:47:46,914 main.py:39] Entering main; app id: jsdabbler-hrd    server type: Development
DEBUG    2015-12-17 06:47:46,917 main.py:41] Leaving main
INFO     2015-12-17 01:47:46,943 module.py:794] default: "GET /.record-data?temperature=22.38&humidity=28.69&compensated=29.08&vcc=3.31 HTTP/1.1" 404 52
DEBUG    2015-12-17 06:52:34,137 main.py:39] Entering main; app id: jsdabbler-hrd    server type: Development
DEBUG    2015-12-17 06:52:34,140 main.py:41] Leaving main
INFO     2015-12-17 01:52:34,165 module.py:794] default: "GET /.record-data?temperature=22.32&humidity=28.76&compensated=29.17&vcc=3.29 HTTP/1.1" 404 52
DEBUG    2015-12-17 06:57:19,305 main.py:39] Entering main; app id: jsdabbler-hrd    server type: Development
DEBUG    2015-12-17 06:57:19,309 main.py:41] Leaving main
INFO     2015-12-17 01:57:19,332 module.py:794] default: "GET /.record-data?temperature=22.30&humidity=28.77&compensated=29.17&vcc=3.30 HTTP/1.1" 404 52
DEBUG    2015-12-17 07:02:06,394 main.py:39] Entering main; app id: jsdabbler-hrd    server type: Development
DEBUG    2015-12-17 07:02:06,398 main.py:41] Leaving main
INFO     2015-12-17 02:02:06,434 module.py:794] default: "GET /.record-data?temperature=22.33&humidity=28.74&compensated=29.14&vcc=3.25 HTTP/1.1" 404 52
DEBUG    2015-12-17 07:06:50,732 main.py:39] Entering main; app id: jsdabbler-hrd    server type: Development
DEBUG    2015-12-17 07:06:50,734 main.py:41] Leaving main
INFO     2015-12-17 02:06:50,756 module.py:794] default: "GET /.record-data?temperature=22.51&humidity=28.31&compensated=28.68&vcc=3.28 HTTP/1.1" 404 52
DEBUG    2015-12-17 07:11:38,142 main.py:39] Entering main; app id: jsdabbler-hrd    server type: Development
DEBUG    2015-12-17 07:11:38,145 main.py:41] Leaving main
INFO     2015-12-17 02:11:38,167 module.py:794] default: "GET /.record-data?temperature=22.51&humidity=28.24&compensated=28.61&vcc=3.25 HTTP/1.1" 404 52
DEBUG    2015-12-17 07:16:22,680 main.py:39] Entering main; app id: jsdabbler-hrd    server type: Development
DEBUG    2015-12-17 07:16:22,684 main.py:41] Leaving main
INFO     2015-12-17 02:16:22,706 module.py:794] default: "GET /.record-data?temperature=22.47&humidity=28.38&compensated=28.76&vcc=3.28 HTTP/1.1" 404 52
DEBUG    2015-12-17 07:21:09,801 main.py:39] Entering main; app id: jsdabbler-hrd    server type: Development
DEBUG    2015-12-17 07:21:09,803 main.py:41] Leaving main
INFO     2015-12-17 02:21:09,825 module.py:794] default: "GET /.record-data?temperature=22.39&humidity=28.51&compensated=28.90&vcc=3.26 HTTP/1.1" 404 52
DEBUG    2015-12-17 07:25:56,022 main.py:39] Entering main; app id: jsdabbler-hrd    server type: Development
DEBUG    2015-12-17 07:25:56,025 main.py:41] Leaving main
INFO     2015-12-17 02:25:56,046 module.py:794] default: "GET /.record-data?temperature=22.32&humidity=28.56&compensated=28.97&vcc=3.19 HTTP/1.1" 404 52
DEBUG    2015-12-17 07:30:40,895 main.py:39] Entering main; app id: jsdabbler-hrd    server type: Development
DEBUG    2015-12-17 07:30:40,898 main.py:41] Leaving main
INFO     2015-12-17 02:30:40,917 module.py:794] default: "GET /.record-data?temperature=22.28&humidity=28.56&compensated=28.97&vcc=3.24 HTTP/1.1" 404 52
DEBUG    2015-12-17 07:35:28,046 main.py:39] Entering main; app id: jsdabbler-hrd    server type: Development
DEBUG    2015-12-17 07:35:28,049 main.py:41] Leaving main
INFO     2015-12-17 02:35:28,081 module.py:794] default: "GET /.record-data?temperature=22.20&humidity=28.65&compensated=29.07&vcc=3.20 HTTP/1.1" 404 52
DEBUG    2015-12-17 07:40:14,039 main.py:39] Entering main; app id: jsdabbler-hrd    server type: Development
DEBUG    2015-12-17 07:40:14,042 main.py:41] Leaving main
INFO     2015-12-17 02:40:14,063 module.py:794] default: "GET /.record-data?temperature=22.17&humidity=28.66&compensated=29.09&vcc=3.15 HTTP/1.1" 404 52
DEBUG    2015-12-17 07:45:00,654 main.py:39] Entering main; app id: jsdabbler-hrd    server type: Development
DEBUG    2015-12-17 07:45:00,658 main.py:41] Leaving main
INFO     2015-12-17 02:45:00,688 module.py:794] default: "GET /.record-data?temperature=22.14&humidity=28.67&compensated=29.09&vcc=3.12 HTTP/1.1" 404 52
DEBUG    2015-12-17 07:49:47,082 main.py:39] Entering main; app id: jsdabbler-hrd    server type: Development
DEBUG    2015-12-17 07:49:47,085 main.py:41] Leaving main
INFO     2015-12-17 02:49:47,105 module.py:794] default: "GET /.record-data?temperature=22.09&humidity=28.68&compensated=29.12&vcc=3.17 HTTP/1.1" 404 52
DEBUG    2015-12-17 07:54:34,414 main.py:39] Entering main; app id: jsdabbler-hrd    server type: Development
DEBUG    2015-12-17 07:54:34,417 main.py:41] Leaving main
INFO     2015-12-17 02:54:34,441 module.py:794] default: "GET /.record-data?temperature=22.03&humidity=28.76&compensated=29.21&vcc=3.13 HTTP/1.1" 404 52
DEBUG    2015-12-17 07:59:21,322 main.py:39] Entering main; app id: jsdabbler-hrd    server type: Development
DEBUG    2015-12-17 07:59:21,325 main.py:41] Leaving main
INFO     2015-12-17 02:59:21,348 module.py:794] default: "GET /.record-data?temperature=22.05&humidity=28.70&compensated=29.14&vcc=3.05 HTTP/1.1" 404 52
DEBUG    2015-12-17 08:04:10,102 main.py:39] Entering main; app id: jsdabbler-hrd    server type: Development
DEBUG    2015-12-17 08:04:10,105 main.py:41] Leaving main
INFO     2015-12-17 03:04:10,125 module.py:794] default: "GET /.record-data?temperature=22.04&humidity=28.69&compensated=29.14&vcc=2.98 HTTP/1.1" 404 52
DEBUG    2015-12-17 08:08:55,000 main.py:39] Entering main; app id: jsdabbler-hrd    server type: Development
DEBUG    2015-12-17 08:08:55,003 main.py:41] Leaving main
INFO     2015-12-17 03:08:55,025 module.py:794] default: "GET /.record-data?temperature=21.97&humidity=28.75&compensated=29.20&vcc=3.04 HTTP/1.1" 404 52
DEBUG    2015-12-17 08:13:40,119 main.py:39] Entering main; app id: jsdabbler-hrd    server type: Development
DEBUG    2015-12-17 08:13:40,122 main.py:41] Leaving main
INFO     2015-12-17 03:13:40,148 module.py:794] default: "GET /.record-data?temperature=21.95&humidity=28.75&compensated=29.21&vcc=2.97 HTTP/1.1" 404 52
DEBUG    2015-12-17 08:18:27,648 main.py:39] Entering main; app id: jsdabbler-hrd    server type: Development
DEBUG    2015-12-17 08:18:27,651 main.py:41] Leaving main
INFO     2015-12-17 03:18:27,673 module.py:794] default: "GET /.record-data?temperature=21.92&humidity=28.79&compensated=29.25&vcc=2.95 HTTP/1.1" 404 52
DEBUG    2015-12-17 08:23:17,404 main.py:39] Entering main; app id: jsdabbler-hrd    server type: Development
DEBUG    2015-12-17 08:23:17,408 main.py:41] Leaving main
INFO     2015-12-17 03:23:17,431 module.py:794] default: "GET /.record-data?temperature=21.94&humidity=28.90&compensated=29.35&vcc=2.85 HTTP/1.1" 404 52
